<?xml version="1.0" encoding="UTF-8"?>
<!-- Generated by org.testng.reporters.JUnitReportReporter -->
<testsuite hostname="DESKTOP-FMHTC77" failures="0" tests="1" name="testNG.HalfEbayTest" time="0.000" errors="0" timestamp="2022-08-17T21:21:47 IST" skipped="1">
  <testcase classname="testNG.HalfEbayTest" name="halfEbayRegpageTest" time="0.000">
    <skipped/>
  </testcase> <!-- halfEbayRegpageTest -->
  <system-out/>
</testsuite> <!-- testNG.HalfEbayTest -->
