<?xml version="1.0" encoding="UTF-8"?>
<!-- Generated by org.testng.reporters.JUnitReportReporter -->
<testsuite hostname="DESKTOP-FMHTC77" failures="0" tests="1" name="singletonConceptforSelenium.PageTest" time="8.727" errors="0" timestamp="2022-09-09T12:14:24 IST" skipped="0">
  <testcase classname="singletonConceptforSelenium.PageTest" name="testMethod" time="8.727"/>
  <system-out/>
</testsuite> <!-- singletonConceptforSelenium.PageTest -->
