<?xml version="1.0" encoding="UTF-8"?>
<!-- Generated by org.testng.reporters.JUnitReportReporter -->
<testsuite hostname="DESKTOP-FMHTC77" failures="0" tests="4" name="TestNGPractice.TestNgGroup" time="0.035" errors="0" timestamp="2022-09-09T14:14:35 IST" skipped="0">
  <testcase classname="TestNGPractice.TestNgGroup" name="method3Test" time="0.002"/>
  <system-out/>
  <testcase classname="TestNGPractice.TestNgGroup" name="method2Test" time="0.002"/>
  <system-out/>
  <testcase classname="TestNGPractice.TestNgGroup" name="method1Test" time="0.028"/>
  <system-out/>
  <testcase classname="TestNGPractice.TestNgGroup" name="method4Test" time="0.003"/>
  <system-out/>
</testsuite> <!-- TestNGPractice.TestNgGroup -->
