<?xml version="1.0" encoding="UTF-8"?>
<!-- Generated by org.testng.reporters.JUnitReportReporter -->
<testsuite hostname="DESKTOP-FMHTC77" failures="0" tests="2" name="testNG.TestNGpractice" time="0.039" errors="0" timestamp="2022-09-05T12:23:06 IST" skipped="0">
  <testcase classname="testNG.TestNGpractice" name="searchTest" time="0.005"/>
  <system-out/>
  <testcase classname="testNG.TestNGpractice" name="googleTitleTest" time="0.034"/>
  <system-out/>
</testsuite> <!-- testNG.TestNGpractice -->
